# JRE version: Java(TM) SE Runtime Environment (8.0_60-b27) (build 1.8.0_60-b27)
# Java VM: Java HotSpot(TM) 64-Bit Server VM (25.60-b23 mixed mode windows-amd64 compressed oops)
Heap:
 PSYoungGen      total 222208K, used 79586K [0x000000076c300000, 0x000000077b900000, 0x00000007c0000000)
  eden space 208384K, 31% used [0x000000076c300000,0x00000007703a77b8,0x0000000778e80000)
  from space 13824K, 96% used [0x000000077ab80000,0x000000077b891268,0x000000077b900000)
  to   space 18432K, 0% used [0x0000000779500000,0x0000000779500000,0x000000077a700000)
 ParOldGen       total 244224K, used 28570K [0x00000006c4800000, 0x00000006d3680000, 0x000000076c300000)
  object space 244224K, 11% used [0x00000006c4800000,0x00000006c63e6a70,0x00000006d3680000)
 Metaspace       used 68751K, capacity 71592K, committed 72024K, reserved 1112064K
  class space    used 8745K, capacity 9220K, committed 9344K, reserved 1048576K
GC Heap History (10 events):
Event: 6.917 GC heap before
{Heap before GC invocations=9 (full 2):
 PSYoungGen      total 142848K, used 129536K [0x000000076c300000, 0x0000000779080000, 0x00000007c0000000)
  eden space 129536K, 100% used [0x000000076c300000,0x0000000774180000,0x0000000774180000)
  from space 13312K, 0% used [0x0000000775100000,0x0000000775100000,0x0000000775e00000)
  to   space 15872K, 0% used [0x0000000774180000,0x0000000774180000,0x0000000775100000)
 ParOldGen       total 171520K, used 17782K [0x00000006c4800000, 0x00000006cef80000, 0x000000076c300000)
  object space 171520K, 10% used [0x00000006c4800000,0x00000006c595da68,0x00000006cef80000)
 Metaspace       used 41209K, capacity 43002K, committed 43224K, reserved 1087488K
  class space    used 5215K, capacity 5545K, committed 5632K, reserved 1048576K
Event: 6.927 GC heap after
Heap after GC invocations=9 (full 2):
 PSYoungGen      total 145408K, used 9041K [0x000000076c300000, 0x0000000779200000, 0x00000007c0000000)
  eden space 129536K, 0% used [0x000000076c300000,0x000000076c300000,0x0000000774180000)
  from space 15872K, 56% used [0x0000000774180000,0x0000000774a54478,0x0000000775100000)
  to   space 14848K, 0% used [0x0000000778380000,0x0000000778380000,0x0000000779200000)
 ParOldGen       total 171520K, used 17790K [0x00000006c4800000, 0x00000006cef80000, 0x000000076c300000)
  object space 171520K, 10% used [0x00000006c4800000,0x00000006c595fa68,0x00000006cef80000)
 Metaspace       used 41209K, capacity 43002K, committed 43224K, reserved 1087488K
  class space    used 5215K, capacity 5545K, committed 5632K, reserved 1048576K
}
Event: 8.495 GC heap before
{Heap before GC invocations=10 (full 2):
 PSYoungGen      total 145408K, used 138577K [0x000000076c300000, 0x0000000779200000, 0x00000007c0000000)
  eden space 129536K, 100% used [0x000000076c300000,0x0000000774180000,0x0000000774180000)
  from space 15872K, 56% used [0x0000000774180000,0x0000000774a54478,0x0000000775100000)
  to   space 14848K, 0% used [0x0000000778380000,0x0000000778380000,0x0000000779200000)
 ParOldGen       total 171520K, used 17790K [0x00000006c4800000, 0x00000006cef80000, 0x000000076c300000)
  object space 171520K, 10% used [0x00000006c4800000,0x00000006c595fa68,0x00000006cef80000)
 Metaspace       used 52516K, capacity 54388K, committed 54744K, reserved 1097728K
  class space    used 6984K, capacity 7352K, committed 7424K, reserved 1048576K
Event: 8.510 GC heap after
Heap after GC invocations=10 (full 2):
 PSYoungGen      total 194048K, used 14841K [0x000000076c300000, 0x0000000779300000, 0x00000007c0000000)
  eden space 179200K, 0% used [0x000000076c300000,0x000000076c300000,0x0000000777200000)
  from space 14848K, 99% used [0x0000000778380000,0x00000007791fe7c8,0x0000000779200000)
  to   space 16896K, 0% used [0x0000000777200000,0x0000000777200000,0x0000000778280000)
 ParOldGen       total 171520K, used 18023K [0x00000006c4800000, 0x00000006cef80000, 0x000000076c300000)
  object space 171520K, 10% used [0x00000006c4800000,0x00000006c5999f48,0x00000006cef80000)
 Metaspace       used 52516K, capacity 54388K, committed 54744K, reserved 1097728K
  class space    used 6984K, capacity 7352K, committed 7424K, reserved 1048576K
}
Event: 9.630 GC heap before
{Heap before GC invocations=11 (full 2):
 PSYoungGen      total 194048K, used 116121K [0x000000076c300000, 0x0000000779300000, 0x00000007c0000000)
  eden space 179200K, 56% used [0x000000076c300000,0x00000007725e7fd8,0x0000000777200000)
  from space 14848K, 99% used [0x0000000778380000,0x00000007791fe7c8,0x0000000779200000)
  to   space 16896K, 0% used [0x0000000777200000,0x0000000777200000,0x0000000778280000)
 ParOldGen       total 171520K, used 18023K [0x00000006c4800000, 0x00000006cef80000, 0x000000076c300000)
  object space 171520K, 10% used [0x00000006c4800000,0x00000006c5999f48,0x00000006cef80000)
 Metaspace       used 56746K, capacity 58964K, committed 59028K, reserved 1099776K
  class space    used 7515K, capacity 7902K, committed 7936K, reserved 1048576K
Event: 9.647 GC heap after
Heap after GC invocations=11 (full 2):
 PSYoungGen      total 196096K, used 13260K [0x000000076c300000, 0x000000077bd00000, 0x00000007c0000000)
  eden space 179200K, 0% used [0x000000076c300000,0x000000076c300000,0x0000000777200000)
  from space 16896K, 78% used [0x0000000777200000,0x0000000777ef31e8,0x0000000778280000)
  to   space 17920K, 0% used [0x000000077ab80000,0x000000077ab80000,0x000000077bd00000)
 ParOldGen       total 171520K, used 18031K [0x00000006c4800000, 0x00000006cef80000, 0x000000076c300000)
  object space 171520K, 10% used [0x00000006c4800000,0x00000006c599bf48,0x00000006cef80000)
 Metaspace       used 56746K, capacity 58964K, committed 59028K, reserved 1099776K
  class space    used 7515K, capacity 7902K, committed 7936K, reserved 1048576K
}
Event: 9.647 GC heap before
{Heap before GC invocations=12 (full 3):
 PSYoungGen      total 196096K, used 13260K [0x000000076c300000, 0x000000077bd00000, 0x00000007c0000000)
  eden space 179200K, 0% used [0x000000076c300000,0x000000076c300000,0x0000000777200000)
  from space 16896K, 78% used [0x0000000777200000,0x0000000777ef31e8,0x0000000778280000)
  to   space 17920K, 0% used [0x000000077ab80000,0x000000077ab80000,0x000000077bd00000)
 ParOldGen       total 171520K, used 18031K [0x00000006c4800000, 0x00000006cef80000, 0x000000076c300000)
  object space 171520K, 10% used [0x00000006c4800000,0x00000006c599bf48,0x00000006cef80000)
 Metaspace       used 56746K, capacity 58964K, committed 59028K, reserved 1099776K
  class space    used 7515K, capacity 7902K, committed 7936K, reserved 1048576K
Event: 9.811 GC heap after
Heap after GC invocations=12 (full 3):
 PSYoungGen      total 196096K, used 0K [0x000000076c300000, 0x000000077bd00000, 0x00000007c0000000)
  eden space 179200K, 0% used [0x000000076c300000,0x000000076c300000,0x0000000777200000)
  from space 16896K, 0% used [0x0000000777200000,0x0000000777200000,0x0000000778280000)
  to   space 17920K, 0% used [0x000000077ab80000,0x000000077ab80000,0x000000077bd00000)
 ParOldGen       total 244224K, used 28562K [0x00000006c4800000, 0x00000006d3680000, 0x000000076c300000)
  object space 244224K, 11% used [0x00000006c4800000,0x00000006c63e4a70,0x00000006d3680000)
 Metaspace       used 56746K, capacity 58964K, committed 59028K, reserved 1099776K
  class space    used 7515K, capacity 7902K, committed 7936K, reserved 1048576K
}
Event: 373.415 GC heap before
{Heap before GC invocations=13 (full 3):
 PSYoungGen      total 196096K, used 179200K [0x000000076c300000, 0x000000077bd00000, 0x00000007c0000000)
  eden space 179200K, 100% used [0x000000076c300000,0x0000000777200000,0x0000000777200000)
  from space 16896K, 0% used [0x0000000777200000,0x0000000777200000,0x0000000778280000)
  to   space 17920K, 0% used [0x000000077ab80000,0x000000077ab80000,0x000000077bd00000)
 ParOldGen       total 244224K, used 28562K [0x00000006c4800000, 0x00000006d3680000, 0x000000076c300000)
  object space 244224K, 11% used [0x00000006c4800000,0x00000006c63e4a70,0x00000006d3680000)
 Metaspace       used 68023K, capacity 70846K, committed 71128K, reserved 1112064K
  class space    used 8670K, capacity 9148K, committed 9216K, reserved 1048576K
Event: 373.435 GC heap after
Heap after GC invocations=13 (full 3):
 PSYoungGen      total 222208K, used 13380K [0x000000076c300000, 0x000000077b900000, 0x00000007c0000000)
  eden space 208384K, 0% used [0x000000076c300000,0x000000076c300000,0x0000000778e80000)
  from space 13824K, 96% used [0x000000077ab80000,0x000000077b891268,0x000000077b900000)
  to   space 18432K, 0% used [0x0000000779500000,0x0000000779500000,0x000000077a700000)
 ParOldGen       total 244224K, used 28570K [0x00000006c4800000, 0x00000006d3680000, 0x000000076c300000)
  object space 244224K, 11% used [0x00000006c4800000,0x00000006c63e6a70,0x00000006d3680000)
 Metaspace       used 68023K, capacity 70846K, committed 71128K, reserved 1112064K
  class space    used 8670K, capacity 9148K, committed 9216K, reserved 1048576K
}

