# JRE version: Java(TM) SE Runtime Environment (8.0_60-b27) (build 1.8.0_60-b27)
# Java VM: Java HotSpot(TM) 64-Bit Server VM (25.60-b23 mixed mode windows-amd64 compressed oops)
Heap:
 PSYoungGen      total 281088K, used 248961K [0x000000076c300000, 0x000000077e980000, 0x00000007c0000000)
  eden space 266240K, 93% used [0x000000076c300000,0x000000077b620448,0x000000077c700000)
  from space 14848K, 0% used [0x000000077c700000,0x000000077c700000,0x000000077d580000)
  to   space 14848K, 0% used [0x000000077db00000,0x000000077db00000,0x000000077e980000)
 ParOldGen       total 262144K, used 67447K [0x00000006c4800000, 0x00000006d4800000, 0x000000076c300000)
  object space 262144K, 25% used [0x00000006c4800000,0x00000006c89ddf48,0x00000006d4800000)
 Metaspace       used 87398K, capacity 92092K, committed 92376K, reserved 1130496K
  class space    used 10177K, capacity 11191K, committed 11264K, reserved 1048576K
GC Heap History (10 events):
Event: 3125.507 GC heap before
{Heap before GC invocations=43 (full 14):
 PSYoungGen      total 281088K, used 266628K [0x000000076c300000, 0x000000077e480000, 0x00000007c0000000)
  eden space 266752K, 99% used [0x000000076c300000,0x000000077c7610f8,0x000000077c780000)
  from space 14336K, 0% used [0x000000077d680000,0x000000077d680000,0x000000077e480000)
  to   space 14848K, 0% used [0x000000077c780000,0x000000077c780000,0x000000077d600000)
 ParOldGen       total 262144K, used 62021K [0x00000006c4800000, 0x00000006d4800000, 0x000000076c300000)
  object space 262144K, 23% used [0x00000006c4800000,0x00000006c8491500,0x00000006d4800000)
 Metaspace       used 86265K, capacity 91008K, committed 91224K, reserved 1130496K
  class space    used 10075K, capacity 11030K, committed 11136K, reserved 1048576K
Event: 3125.518 GC heap after
Heap after GC invocations=43 (full 14):
 PSYoungGen      total 273920K, used 6779K [0x000000076c300000, 0x000000077e380000, 0x00000007c0000000)
  eden space 266752K, 0% used [0x000000076c300000,0x000000076c300000,0x000000077c780000)
  from space 7168K, 94% used [0x000000077c780000,0x000000077ce1ede8,0x000000077ce80000)
  to   space 14336K, 0% used [0x000000077d580000,0x000000077d580000,0x000000077e380000)
 ParOldGen       total 262144K, used 62029K [0x00000006c4800000, 0x00000006d4800000, 0x000000076c300000)
  object space 262144K, 23% used [0x00000006c4800000,0x00000006c8493500,0x00000006d4800000)
 Metaspace       used 86265K, capacity 91008K, committed 91224K, reserved 1130496K
  class space    used 10075K, capacity 11030K, committed 11136K, reserved 1048576K
}
Event: 3125.518 GC heap before
{Heap before GC invocations=44 (full 15):
 PSYoungGen      total 273920K, used 6779K [0x000000076c300000, 0x000000077e380000, 0x00000007c0000000)
  eden space 266752K, 0% used [0x000000076c300000,0x000000076c300000,0x000000077c780000)
  from space 7168K, 94% used [0x000000077c780000,0x000000077ce1ede8,0x000000077ce80000)
  to   space 14336K, 0% used [0x000000077d580000,0x000000077d580000,0x000000077e380000)
 ParOldGen       total 262144K, used 62029K [0x00000006c4800000, 0x00000006d4800000, 0x000000076c300000)
  object space 262144K, 23% used [0x00000006c4800000,0x00000006c8493500,0x00000006d4800000)
 Metaspace       used 86265K, capacity 91008K, committed 91224K, reserved 1130496K
  class space    used 10075K, capacity 11030K, committed 11136K, reserved 1048576K
Event: 3125.917 GC heap after
Heap after GC invocations=44 (full 15):
 PSYoungGen      total 273920K, used 0K [0x000000076c300000, 0x000000077e380000, 0x00000007c0000000)
  eden space 266752K, 0% used [0x000000076c300000,0x000000076c300000,0x000000077c780000)
  from space 7168K, 0% used [0x000000077c780000,0x000000077c780000,0x000000077ce80000)
  to   space 14336K, 0% used [0x000000077d580000,0x000000077d580000,0x000000077e380000)
 ParOldGen       total 262144K, used 66132K [0x00000006c4800000, 0x00000006d4800000, 0x000000076c300000)
  object space 262144K, 25% used [0x00000006c4800000,0x00000006c8895040,0x00000006d4800000)
 Metaspace       used 86204K, capacity 90788K, committed 91224K, reserved 1130496K
  class space    used 10071K, capacity 11022K, committed 11136K, reserved 1048576K
}
Event: 3175.596 GC heap before
{Heap before GC invocations=45 (full 15):
 PSYoungGen      total 273920K, used 266752K [0x000000076c300000, 0x000000077e380000, 0x00000007c0000000)
  eden space 266752K, 100% used [0x000000076c300000,0x000000077c780000,0x000000077c780000)
  from space 7168K, 0% used [0x000000077c780000,0x000000077c780000,0x000000077ce80000)
  to   space 14336K, 0% used [0x000000077d580000,0x000000077d580000,0x000000077e380000)
 ParOldGen       total 262144K, used 66132K [0x00000006c4800000, 0x00000006d4800000, 0x000000076c300000)
  object space 262144K, 25% used [0x00000006c4800000,0x00000006c8895040,0x00000006d4800000)
 Metaspace       used 86796K, capacity 91440K, committed 91736K, reserved 1130496K
  class space    used 10120K, capacity 11106K, committed 11136K, reserved 1048576K
Event: 3175.611 GC heap after
Heap after GC invocations=45 (full 15):
 PSYoungGen      total 280576K, used 10948K [0x000000076c300000, 0x000000077e980000, 0x00000007c0000000)
  eden space 266240K, 0% used [0x000000076c300000,0x000000076c300000,0x000000077c700000)
  from space 14336K, 76% used [0x000000077d580000,0x000000077e0310b0,0x000000077e380000)
  to   space 14848K, 0% used [0x000000077c700000,0x000000077c700000,0x000000077d580000)
 ParOldGen       total 262144K, used 66140K [0x00000006c4800000, 0x00000006d4800000, 0x000000076c300000)
  object space 262144K, 25% used [0x00000006c4800000,0x00000006c8897040,0x00000006d4800000)
 Metaspace       used 86796K, capacity 91440K, committed 91736K, reserved 1130496K
  class space    used 10120K, capacity 11106K, committed 11136K, reserved 1048576K
}
Event: 3200.781 GC heap before
{Heap before GC invocations=46 (full 15):
 PSYoungGen      total 280576K, used 69591K [0x000000076c300000, 0x000000077e980000, 0x00000007c0000000)
  eden space 266240K, 22% used [0x000000076c300000,0x000000076fc44cc8,0x000000077c700000)
  from space 14336K, 76% used [0x000000077d580000,0x000000077e0310b0,0x000000077e380000)
  to   space 14848K, 0% used [0x000000077c700000,0x000000077c700000,0x000000077d580000)
 ParOldGen       total 262144K, used 66140K [0x00000006c4800000, 0x00000006d4800000, 0x000000076c300000)
  object space 262144K, 25% used [0x00000006c4800000,0x00000006c8897040,0x00000006d4800000)
 Metaspace       used 86897K, capacity 91574K, committed 91736K, reserved 1130496K
  class space    used 10128K, capacity 11108K, committed 11136K, reserved 1048576K
Event: 3200.787 GC heap after
Heap after GC invocations=46 (full 15):
 PSYoungGen      total 281088K, used 4272K [0x000000076c300000, 0x000000077e980000, 0x00000007c0000000)
  eden space 266240K, 0% used [0x000000076c300000,0x000000076c300000,0x000000077c700000)
  from space 14848K, 28% used [0x000000077c700000,0x000000077cb2c3b8,0x000000077d580000)
  to   space 14848K, 0% used [0x000000077db00000,0x000000077db00000,0x000000077e980000)
 ParOldGen       total 262144K, used 66148K [0x00000006c4800000, 0x00000006d4800000, 0x000000076c300000)
  object space 262144K, 25% used [0x00000006c4800000,0x00000006c8899040,0x00000006d4800000)
 Metaspace       used 86897K, capacity 91574K, committed 91736K, reserved 1130496K
  class space    used 10128K, capacity 11108K, committed 11136K, reserved 1048576K
}
Event: 3200.787 GC heap before
{Heap before GC invocations=47 (full 16):
 PSYoungGen      total 281088K, used 4272K [0x000000076c300000, 0x000000077e980000, 0x00000007c0000000)
  eden space 266240K, 0% used [0x000000076c300000,0x000000076c300000,0x000000077c700000)
  from space 14848K, 28% used [0x000000077c700000,0x000000077cb2c3b8,0x000000077d580000)
  to   space 14848K, 0% used [0x000000077db00000,0x000000077db00000,0x000000077e980000)
 ParOldGen       total 262144K, used 66148K [0x00000006c4800000, 0x00000006d4800000, 0x000000076c300000)
  object space 262144K, 25% used [0x00000006c4800000,0x00000006c8899040,0x00000006d4800000)
 Metaspace       used 86897K, capacity 91574K, committed 91736K, reserved 1130496K
  class space    used 10128K, capacity 11108K, committed 11136K, reserved 1048576K
Event: 3201.171 GC heap after
Heap after GC invocations=47 (full 16):
 PSYoungGen      total 281088K, used 0K [0x000000076c300000, 0x000000077e980000, 0x00000007c0000000)
  eden space 266240K, 0% used [0x000000076c300000,0x000000076c300000,0x000000077c700000)
  from space 14848K, 0% used [0x000000077c700000,0x000000077c700000,0x000000077d580000)
  to   space 14848K, 0% used [0x000000077db00000,0x000000077db00000,0x000000077e980000)
 ParOldGen       total 262144K, used 67447K [0x00000006c4800000, 0x00000006d4800000, 0x000000076c300000)
  object space 262144K, 25% used [0x00000006c4800000,0x00000006c89ddf48,0x00000006d4800000)
 Metaspace       used 86897K, capacity 91574K, committed 91736K, reserved 1130496K
  class space    used 10128K, capacity 11108K, committed 11136K, reserved 1048576K
}

